<?xml version="1.0" encoding="UTF-8"?>
<!-- Generated by org.testng.reporters.JUnitReportReporter -->
<testsuite hostname="DESKTOP-T55QR2A" failures="1" tests="2" name="runners.GumtreeRunner" time="46.615" errors="1" timestamp="2022-11-13T01:53:11 AEDT" skipped="0">
  <testcase classname="runners.GumtreeRunner" name="runScenario" time="25.939">
    <error message="element click intercepted: Element &lt;a class=&quot;header__secondary-navigation-link&quot; href=&quot;/cars&quot;&gt;...&lt;/a&gt; is not clickable at point (502, 215). Other element would receive the click: &lt;img id=&quot;random-hero-img&quot; class=&quot;header__home-hero-image&quot; alt=&quot;&quot; src=&quot;https://static.gumtree.com.au/cached/img/au/homepage/homenew2/6/xxlarge.jpg?v=20220211&quot;&gt;
  (Session info: chrome=107.0.5304.106)
Build info: version: &#039;4.4.0&#039;, revision: &#039;e5c75ed026a&#039;
System info: host: &#039;DESKTOP-T55QR2A&#039;, ip: &#039;192.168.1.127&#039;, os.name: &#039;Windows 11&#039;, os.arch: &#039;amd64&#039;, os.version: &#039;10.0&#039;, java.version: &#039;11.0.15.1&#039;
Driver info: org.openqa.selenium.chrome.ChromeDriver
Command: [b634a4a40a3be1c6fc67f248466db798, clickElement {id=cbe1e718-34e2-4463-af0c-a73f6f2290f1}]
Capabilities {acceptInsecureCerts: false, browserName: chrome, browserVersion: 107.0.5304.106, chrome: {chromedriverVersion: 107.0.5304.62 (1eec40d3a576..., userDataDir: C:\Users\SugNithi\AppData\L...}, goog:chromeOptions: {debuggerAddress: localhost:55388}, networkConnectionEnabled: false, pageLoadStrategy: normal, platformName: WINDOWS, proxy: Proxy(), se:cdp: ws://localhost:55388/devtoo..., se:cdpVersion: 107.0.5304.106, setWindowRect: true, strictFileInteractability: false, timeouts: {implicit: 0, pageLoad: 300000, script: 30000}, unhandledPromptBehavior: dismiss and notify, webauthn:extension:credBlob: true, webauthn:extension:largeBlob: true, webauthn:virtualAuthenticators: true}
Element: [[ChromeDriver: chrome on WINDOWS (b634a4a40a3be1c6fc67f248466db798)] -&gt; xpath: //a[@class=&#039;header__secondary-navigation-link&#039;][normalize-space()=&#039;Cars, Vans &amp; Utes&#039;]]
Session ID: b634a4a40a3be1c6fc67f248466db798" type="org.openqa.selenium.ElementClickInterceptedException">
      <![CDATA[org.openqa.selenium.ElementClickInterceptedException: element click intercepted: Element <a class="header__secondary-navigation-link" href="/cars">...</a> is not clickable at point (502, 215). Other element would receive the click: <img id="random-hero-img" class="header__home-hero-image" alt="" src="https://static.gumtree.com.au/cached/img/au/homepage/homenew2/6/xxlarge.jpg?v=20220211">
  (Session info: chrome=107.0.5304.106)
Build info: version: '4.4.0', revision: 'e5c75ed026a'
System info: host: 'DESKTOP-T55QR2A', ip: '192.168.1.127', os.name: 'Windows 11', os.arch: 'amd64', os.version: '10.0', java.version: '11.0.15.1'
Driver info: org.openqa.selenium.chrome.ChromeDriver
Command: [b634a4a40a3be1c6fc67f248466db798, clickElement {id=cbe1e718-34e2-4463-af0c-a73f6f2290f1}]
Capabilities {acceptInsecureCerts: false, browserName: chrome, browserVersion: 107.0.5304.106, chrome: {chromedriverVersion: 107.0.5304.62 (1eec40d3a576..., userDataDir: C:\Users\SugNithi\AppData\L...}, goog:chromeOptions: {debuggerAddress: localhost:55388}, networkConnectionEnabled: false, pageLoadStrategy: normal, platformName: WINDOWS, proxy: Proxy(), se:cdp: ws://localhost:55388/devtoo..., se:cdpVersion: 107.0.5304.106, setWindowRect: true, strictFileInteractability: false, timeouts: {implicit: 0, pageLoad: 300000, script: 30000}, unhandledPromptBehavior: dismiss and notify, webauthn:extension:credBlob: true, webauthn:extension:largeBlob: true, webauthn:virtualAuthenticators: true}
Element: [[ChromeDriver: chrome on WINDOWS (b634a4a40a3be1c6fc67f248466db798)] -> xpath: //a[@class='header__secondary-navigation-link'][normalize-space()='Cars, Vans & Utes']]
Session ID: b634a4a40a3be1c6fc67f248466db798
at java.base/jdk.internal.reflect.NativeConstructorAccessorImpl.newInstance0(Native Method)
at java.base/jdk.internal.reflect.NativeConstructorAccessorImpl.newInstance(NativeConstructorAccessorImpl.java:62)
at java.base/jdk.internal.reflect.DelegatingConstructorAccessorImpl.newInstance(DelegatingConstructorAccessorImpl.java:45)
at java.base/java.lang.reflect.Constructor.newInstance(Constructor.java:490)
at org.openqa.selenium.remote.codec.w3c.W3CHttpResponseCodec.createException(W3CHttpResponseCodec.java:200)
at org.openqa.selenium.remote.codec.w3c.W3CHttpResponseCodec.decode(W3CHttpResponseCodec.java:133)
at org.openqa.selenium.remote.codec.w3c.W3CHttpResponseCodec.decode(W3CHttpResponseCodec.java:53)
at org.openqa.selenium.remote.HttpCommandExecutor.execute(HttpCommandExecutor.java:184)
at org.openqa.selenium.remote.service.DriverCommandExecutor.invokeExecute(DriverCommandExecutor.java:167)
at org.openqa.selenium.remote.service.DriverCommandExecutor.execute(DriverCommandExecutor.java:142)
at org.openqa.selenium.remote.RemoteWebDriver.execute(RemoteWebDriver.java:547)
at org.openqa.selenium.remote.RemoteWebElement.execute(RemoteWebElement.java:257)
at org.openqa.selenium.remote.RemoteWebElement.click(RemoteWebElement.java:78)
at pages.base.BaseTest.click(BaseTest.java:26)
at page.objects.HomePage.clickCarsVehicleVansSubMenu(HomePage.java:14)
at stepdefinitions.ToyotaSearch.user_clicks_on_carsvehiclesutes(ToyotaSearch.java:40)
at ✽.user clicks on carsvehiclesutes(file:///C:/Users/SugNithi/eclipse-workspace/CucumberGumtree/src/test/resources/features/findtoyotacars.feature:11)
]]>
    </error>
  </testcase> <!-- runScenario -->
  <system-out/>
  <testcase classname="runners.GumtreeRunner" name="runScenario" time="20.676">
    <failure message="expected [true] but found [false]" type="java.lang.AssertionError">
      <![CDATA[java.lang.AssertionError: expected [true] but found [false]
at org.testng.Assert.fail(Assert.java:110)
at org.testng.Assert.failNotEquals(Assert.java:1413)
at org.testng.Assert.assertTrue(Assert.java:56)
at org.testng.Assert.assertTrue(Assert.java:66)
at stepdefinitions.ToyotaSearch.read_first_results_and_check_model(ToyotaSearch.java:67)
at ✽.read first results and check "X7"(file:///C:/Users/SugNithi/eclipse-workspace/CucumberGumtree/src/test/resources/features/findtoyotacars.feature:15)
]]>
    </failure>
  </testcase> <!-- runScenario -->
  <system-out/>
</testsuite> <!-- runners.GumtreeRunner -->
