<?xml version="1.0" encoding="UTF-8"?>
<!-- Generated by org.testng.reporters.JUnitReportReporter -->
<testsuite hostname="DESKTOP-T55QR2A" failures="0" tests="1" name="runners.GumtreeRunner" time="7.497" errors="0" timestamp="2022-11-12T23:37:19 AEDT" skipped="0">
  <testcase classname="runners.GumtreeRunner" name="runScenario" time="7.497"/>
  <system-out/>
</testsuite> <!-- runners.GumtreeRunner -->
